This is pdfTeX, Version 3.141592653-2.6-1.40.25 (MiKTeX 23.12) (preloaded format=pdflatex 2024.1.14)  12 SEP 2025 13:14
entering extended mode
 restricted \write18 enabled.
 %&-line parsing enabled.
**./cases.tex
(cases.tex
LaTeX2e <2023-11-01>
L3 programming layer <2024-01-04>
(C:\Users\isila\AppData\Local\Programs\MiKTeX\tex/latex/base\article.cls
Document Class: article 2023/05/17 v1.4n Standard LaTeX document class
(C:\Users\isila\AppData\Local\Programs\MiKTeX\tex/latex/base\size10.clo
File: size10.clo 2023/05/17 v1.4n Standard LaTeX file (size option)
)
\c@part=\count187
\c@section=\count188
\c@subsection=\count189
\c@subsubsection=\count190
\c@paragraph=\count191
\c@subparagraph=\count192
\c@figure=\count193
\c@table=\count194
\abovecaptionskip=\skip48
\belowcaptionskip=\skip49
\bibindent=\dimen140
)
(C:\Users\isila\AppData\Local\Programs\MiKTeX\tex/latex/graphics\graphicx.sty
Package: graphicx 2021/09/16 v1.2d Enhanced LaTeX Graphics (DPC,SPQR)

(C:\Users\isila\AppData\Local\Programs\MiKTeX\tex/latex/graphics\keyval.sty
Package: keyval 2022/05/29 v1.15 key=value parser (DPC)
\KV@toks@=\toks17
)
(C:\Users\isila\AppData\Local\Programs\MiKTeX\tex/latex/graphics\graphics.sty
Package: graphics 2022/03/10 v1.4e Standard LaTeX Graphics (DPC,SPQR)

(C:\Users\isila\AppData\Local\Programs\MiKTeX\tex/latex/graphics\trig.sty
Package: trig 2021/08/11 v1.11 sin cos tan (DPC)
)
(C:\Users\isila\AppData\Local\Programs\MiKTeX\tex/latex/graphics-cfg\graphics.c
fg
File: graphics.cfg 2016/06/04 v1.11 sample graphics configuration
)
Package graphics Info: Driver file: pdftex.def on input line 107.

(C:\Users\isila\AppData\Local\Programs\MiKTeX\tex/latex/graphics-def\pdftex.def
File: pdftex.def 2022/09/22 v1.2b Graphics/color driver for pdftex
))
\Gin@req@height=\dimen141
\Gin@req@width=\dimen142
) (C:\Users\isila\AppData\Local\Programs\MiKTeX\tex/latex/amsmath\amsmath.sty
Package: amsmath 2023/05/13 v2.17o AMS math features
\@mathmargin=\skip50
For additional information on amsmath, use the `?' option.
(C:\Users\isila\AppData\Local\Programs\MiKTeX\tex/latex/amsmath\amstext.sty
Package: amstext 2021/08/26 v2.01 AMS text

(C:\Users\isila\AppData\Local\Programs\MiKTeX\tex/latex/amsmath\amsgen.sty
File: amsgen.sty 1999/11/30 v2.0 generic functions
\@emptytoks=\toks18
\ex@=\dimen143
))
(C:\Users\isila\AppData\Local\Programs\MiKTeX\tex/latex/amsmath\amsbsy.sty
Package: amsbsy 1999/11/29 v1.2d Bold Symbols
\pmbraise@=\dimen144
)
(C:\Users\isila\AppData\Local\Programs\MiKTeX\tex/latex/amsmath\amsopn.sty
Package: amsopn 2022/04/08 v2.04 operator names
)
\inf@bad=\count195
LaTeX Info: Redefining \frac on input line 234.
\uproot@=\count196
\leftroot@=\count197
LaTeX Info: Redefining \overline on input line 399.
LaTeX Info: Redefining \colon on input line 410.
\classnum@=\count198
\DOTSCASE@=\count199
LaTeX Info: Redefining \ldots on input line 496.
LaTeX Info: Redefining \dots on input line 499.
LaTeX Info: Redefining \cdots on input line 620.
\Mathstrutbox@=\box51
\strutbox@=\box52
LaTeX Info: Redefining \big on input line 722.
LaTeX Info: Redefining \Big on input line 723.
LaTeX Info: Redefining \bigg on input line 724.
LaTeX Info: Redefining \Bigg on input line 725.
\big@size=\dimen145
LaTeX Font Info:    Redeclaring font encoding OML on input line 743.
LaTeX Font Info:    Redeclaring font encoding OMS on input line 744.
\macc@depth=\count266
LaTeX Info: Redefining \bmod on input line 905.
LaTeX Info: Redefining \pmod on input line 910.
LaTeX Info: Redefining \smash on input line 940.
LaTeX Info: Redefining \relbar on input line 970.
LaTeX Info: Redefining \Relbar on input line 971.
\c@MaxMatrixCols=\count267
\dotsspace@=\muskip16
\c@parentequation=\count268
\dspbrk@lvl=\count269
\tag@help=\toks19
\row@=\count270
\column@=\count271
\maxfields@=\count272
\andhelp@=\toks20
\eqnshift@=\dimen146
\alignsep@=\dimen147
\tagshift@=\dimen148
\tagwidth@=\dimen149
\totwidth@=\dimen150
\lineht@=\dimen151
\@envbody=\toks21
\multlinegap=\skip51
\multlinetaggap=\skip52
\mathdisplay@stack=\toks22
LaTeX Info: Redefining \[ on input line 2953.
LaTeX Info: Redefining \] on input line 2954.
)
(C:\Users\isila\AppData\Local\Programs\MiKTeX\tex/latex/amsfonts\amsfonts.sty
Package: amsfonts 2013/01/14 v3.01 Basic AMSFonts support
\symAMSa=\mathgroup4
\symAMSb=\mathgroup5
LaTeX Font Info:    Redeclaring math symbol \hbar on input line 98.
LaTeX Font Info:    Overwriting math alphabet `\mathfrak' in version `bold'
(Font)                  U/euf/m/n --> U/euf/b/n on input line 106.
)
(C:\Users\isila\AppData\Local\Programs\MiKTeX\tex/latex/xcolor\xcolor.sty
Package: xcolor 2023/11/15 v3.01 LaTeX color extensions (UK)

(C:\Users\isila\AppData\Local\Programs\MiKTeX\tex/latex/graphics-cfg\color.cfg
File: color.cfg 2016/01/02 v1.6 sample color configuration
)
Package xcolor Info: Driver file: pdftex.def on input line 274.
(C:\Users\isila\AppData\Local\Programs\MiKTeX\tex/latex/graphics\mathcolor.ltx)
Package xcolor Info: Model `cmy' substituted by `cmy0' on input line 1350.
Package xcolor Info: Model `hsb' substituted by `rgb' on input line 1354.
Package xcolor Info: Model `RGB' extended on input line 1366.
Package xcolor Info: Model `HTML' substituted by `rgb' on input line 1368.
Package xcolor Info: Model `Hsb' substituted by `hsb' on input line 1369.
Package xcolor Info: Model `tHsb' substituted by `hsb' on input line 1370.
Package xcolor Info: Model `HSB' substituted by `hsb' on input line 1371.
Package xcolor Info: Model `Gray' substituted by `gray' on input line 1372.
Package xcolor Info: Model `wave' substituted by `hsb' on input line 1373.
)
(C:\Users\isila\AppData\Local\Programs\MiKTeX\tex/latex/l3backend\l3backend-pdf
tex.def
File: l3backend-pdftex.def 2024-01-04 L3 backend support: PDF output (pdfTeX)
\l__color_backend_stack_int=\count273
\l__pdf_internal_box=\box53
) (cases.aux)
\openout1 = `cases.aux'.

LaTeX Font Info:    Checking defaults for OML/cmm/m/it on input line 10.
LaTeX Font Info:    ... okay on input line 10.
LaTeX Font Info:    Checking defaults for OMS/cmsy/m/n on input line 10.
LaTeX Font Info:    ... okay on input line 10.
LaTeX Font Info:    Checking defaults for OT1/cmr/m/n on input line 10.
LaTeX Font Info:    ... okay on input line 10.
LaTeX Font Info:    Checking defaults for T1/cmr/m/n on input line 10.
LaTeX Font Info:    ... okay on input line 10.
LaTeX Font Info:    Checking defaults for TS1/cmr/m/n on input line 10.
LaTeX Font Info:    ... okay on input line 10.
LaTeX Font Info:    Checking defaults for OMX/cmex/m/n on input line 10.
LaTeX Font Info:    ... okay on input line 10.
LaTeX Font Info:    Checking defaults for U/cmr/m/n on input line 10.
LaTeX Font Info:    ... okay on input line 10.

(C:\Users\isila\AppData\Local\Programs\MiKTeX\tex/context/base/mkii\supp-pdf.mk
ii
[Loading MPS to PDF converter (version 2006.09.02).]
\scratchcounter=\count274
\scratchdimen=\dimen152
\scratchbox=\box54
\nofMPsegments=\count275
\nofMParguments=\count276
\everyMPshowfont=\toks23
\MPscratchCnt=\count277
\MPscratchDim=\dimen153
\MPnumerator=\count278
\makeMPintoPDFobject=\count279
\everyMPtoPDFconversion=\toks24
)
(C:\Users\isila\AppData\Local\Programs\MiKTeX\tex/latex/epstopdf-pkg\epstopdf-b
ase.sty
Package: epstopdf-base 2020-01-24 v2.11 Base part for package epstopdf
Package epstopdf-base Info: Redefining graphics rule for `.eps' on input line 4
85.

(C:\Users\isila\AppData\Local\Programs\MiKTeX\tex/latex/00miktex\epstopdf-sys.c
fg
File: epstopdf-sys.cfg 2021/03/18 v2.0 Configuration of epstopdf for MiKTeX
))
LaTeX Font Info:    Trying to load font information for U+msa on input line 12.

 (C:\Users\isila\AppData\Local\Programs\MiKTeX\tex/latex/amsfonts\umsa.fd
File: umsa.fd 2013/01/14 v3.01 AMS symbols A
)
LaTeX Font Info:    Trying to load font information for U+msb on input line 12.


(C:\Users\isila\AppData\Local\Programs\MiKTeX\tex/latex/amsfonts\umsb.fd
File: umsb.fd 2013/01/14 v3.01 AMS symbols B
)
Overfull \hbox (11.5258pt too wide) in paragraph at lines 17--18
[]\OT1/cmr/m/n/10 Denote $\OML/cmm/m/it/10 f\OT1/cmr/m/n/10 (\OML/cmm/m/it/10 p
; t\OT1/cmr/m/n/10 )$ the $\OML/cmm/m/it/10 p$ \OT1/cmr/m/n/10 and $\OML/cmm/m/
it/10 t$ \OT1/cmr/m/n/10 prod-uct $\OML/cmm/m/it/10 p[]t[]$ 
 []


Overfull \hbox (49.4429pt too wide) in paragraph at lines 28--29
[]$\OMS/cmsy/m/n/10 ) []$ 
 []


Overfull \hbox (14.28748pt too wide) in paragraph at lines 35--36
[]\OT1/cmr/m/n/10 For $\OMS/cmsy/m/n/10 ^^@\OML/cmm/m/it/10 v[] \OMS/cmsy/m/n/1
0 ^^@ \OML/cmm/m/it/10 v[] \OMS/cmsy/m/n/10 ^^T [] ^^T []$\OT1/cmr/m/n/10 , we 
have $\OML/cmm/m/it/10 p[]\OT1/cmr/m/n/10 (1 + \OML/cmm/m/it/10 ^^Z\OT1/cmr/m/
n/10 )\OML/cmm/m/it/10 ^^V\OT1/cmr/m/n/10 (\OML/cmm/m/it/10 a[]\OT1/cmr/m/n/10 
) = [][] \OML/cmm/m/it/10 p[]^^Z\OT1/cmr/m/n/10 (1 +
 []


Overfull \hbox (49.4429pt too wide) in paragraph at lines 56--57
[]$\OMS/cmsy/m/n/10 ) []$ 
 []

[1

{C:/Users/isila/AppData/Local/MiKTeX/fonts/map/pdftex/pdftex.map}]
Overfull \hbox (14.28748pt too wide) in paragraph at lines 67--68
[]\OT1/cmr/m/n/10 For $\OMS/cmsy/m/n/10 ^^@\OML/cmm/m/it/10 v[] \OMS/cmsy/m/n/1
0 ^^@ \OML/cmm/m/it/10 v[] \OMS/cmsy/m/n/10 ^^T [] ^^T []$\OT1/cmr/m/n/10 , we 
have $\OML/cmm/m/it/10 p[]\OT1/cmr/m/n/10 (1 + \OML/cmm/m/it/10 ^^Z\OT1/cmr/m/
n/10 )\OML/cmm/m/it/10 ^^V\OT1/cmr/m/n/10 (\OML/cmm/m/it/10 a[]\OT1/cmr/m/n/10 
) = [][] \OML/cmm/m/it/10 p[]^^Z\OT1/cmr/m/n/10 (1 +
 []

[2]
Overfull \hbox (14.28748pt too wide) in paragraph at lines 109--110
[]\OT1/cmr/m/n/10 For $\OMS/cmsy/m/n/10 ^^@\OML/cmm/m/it/10 v[] \OMS/cmsy/m/n/1
0 ^^@ \OML/cmm/m/it/10 v[] \OMS/cmsy/m/n/10 ^^T [] ^^T []$\OT1/cmr/m/n/10 , we 
have $\OML/cmm/m/it/10 p[]\OT1/cmr/m/n/10 (1 + \OML/cmm/m/it/10 ^^Z\OT1/cmr/m/
n/10 )\OML/cmm/m/it/10 ^^V\OT1/cmr/m/n/10 (\OML/cmm/m/it/10 a[]\OT1/cmr/m/n/10 
) = [][] \OML/cmm/m/it/10 p[]^^Z\OT1/cmr/m/n/10 (1 +
 []


Overfull \hbox (14.20992pt too wide) in paragraph at lines 130--135
[]\OT1/cmr/m/n/10 Thus, we sub-sti-tute $\OML/cmm/m/it/10 v[] \OMS/cmsy/m/n/10 
! []$\OT1/cmr/m/n/10 , $\OML/cmm/m/it/10 v[] \OMS/cmsy/m/n/10 ! []$\OT1/cmr/m/n
/10 , $\OML/cmm/m/it/10 v[] \OMS/cmsy/m/n/10 ! []$\OT1/cmr/m/n/10 ,
 []


Overfull \hbox (49.4429pt too wide) in paragraph at lines 163--164
[]$\OMS/cmsy/m/n/10 ) []$ 
 []

[3]
Overfull \hbox (14.28748pt too wide) in paragraph at lines 175--176
[]\OT1/cmr/m/n/10 For $\OMS/cmsy/m/n/10 ^^@\OML/cmm/m/it/10 v[] \OMS/cmsy/m/n/1
0 ^^@ \OML/cmm/m/it/10 v[] \OMS/cmsy/m/n/10 ^^T [] ^^T []$\OT1/cmr/m/n/10 , we 
have $\OML/cmm/m/it/10 p[]\OT1/cmr/m/n/10 (1 + \OML/cmm/m/it/10 ^^Z\OT1/cmr/m/
n/10 )\OML/cmm/m/it/10 ^^V\OT1/cmr/m/n/10 (\OML/cmm/m/it/10 a[]\OT1/cmr/m/n/10 
) = [][] \OML/cmm/m/it/10 p[]^^Z\OT1/cmr/m/n/10 (1 +
 []


Overfull \hbox (28.09409pt too wide) in paragraph at lines 205--211
[]\OT1/cmr/m/n/10 We sub-sti-tute $\OML/cmm/m/it/10 v[] \OMS/cmsy/m/n/10 ! []$\
OT1/cmr/m/n/10 , $\OML/cmm/m/it/10 v[] \OMS/cmsy/m/n/10 ! []$\OT1/cmr/m/n/10 , 
$\OML/cmm/m/it/10 v[] \OMS/cmsy/m/n/10 ! []$\OT1/cmr/m/n/10 , $\OML/cmm/m/it/10
 v[] \OMS/cmsy/m/n/10 ! []$\OT1/cmr/m/n/10 ,
 []

[4]
Overfull \hbox (14.28748pt too wide) in paragraph at lines 252--254
[]\OT1/cmr/m/n/10 For $\OMS/cmsy/m/n/10 ^^@\OML/cmm/m/it/10 v[] \OMS/cmsy/m/n/1
0 ^^@ \OML/cmm/m/it/10 v[] \OMS/cmsy/m/n/10 ^^T [] ^^T []$\OT1/cmr/m/n/10 , we 
have $\OML/cmm/m/it/10 p[]\OT1/cmr/m/n/10 (1 + \OML/cmm/m/it/10 ^^Z\OT1/cmr/m/
n/10 )\OML/cmm/m/it/10 ^^V\OT1/cmr/m/n/10 (\OML/cmm/m/it/10 a[]\OT1/cmr/m/n/10 
) = [][] \OML/cmm/m/it/10 p[]^^Z\OT1/cmr/m/n/10 (1 +
 []


Overfull \hbox (9.2099pt too wide) in paragraph at lines 265--267
[]\OT1/cmr/m/n/10 Thus, we sub-sti-tute $\OML/cmm/m/it/10 v[] \OMS/cmsy/m/n/10 
! []$\OT1/cmr/m/n/10 , $\OML/cmm/m/it/10 v[] \OMS/cmsy/m/n/10 ! []$\OT1/cmr/m/n
/10 , $\OML/cmm/m/it/10 v[] \OMS/cmsy/m/n/10 ! []$\OT1/cmr/m/n/10 ,
 []


Overfull \hbox (9.2099pt too wide) in paragraph at lines 281--283
[]\OT1/cmr/m/n/10 Thus, we sub-sti-tute $\OML/cmm/m/it/10 v[] \OMS/cmsy/m/n/10 
! []$\OT1/cmr/m/n/10 , $\OML/cmm/m/it/10 v[] \OMS/cmsy/m/n/10 ! []$\OT1/cmr/m/n
/10 , $\OML/cmm/m/it/10 v[] \OMS/cmsy/m/n/10 ! []$\OT1/cmr/m/n/10 ,
 []

[5]
Overfull \hbox (14.20992pt too wide) in paragraph at lines 289--292
[]\OT1/cmr/m/n/10 Thus, we sub-sti-tute $\OML/cmm/m/it/10 v[] \OMS/cmsy/m/n/10 
! []$\OT1/cmr/m/n/10 , $\OML/cmm/m/it/10 v[] \OMS/cmsy/m/n/10 ! []$\OT1/cmr/m/n
/10 , $\OML/cmm/m/it/10 v[] \OMS/cmsy/m/n/10 ! []$\OT1/cmr/m/n/10 ,
 []


Overfull \hbox (14.20992pt too wide) in paragraph at lines 296--299
[]\OT1/cmr/m/n/10 Thus, we sub-sti-tute $\OML/cmm/m/it/10 v[] \OMS/cmsy/m/n/10 
! []$\OT1/cmr/m/n/10 , $\OML/cmm/m/it/10 v[] \OMS/cmsy/m/n/10 ! []$\OT1/cmr/m/n
/10 , $\OML/cmm/m/it/10 v[] \OMS/cmsy/m/n/10 ! []$\OT1/cmr/m/n/10 ,
 []


Overfull \hbox (49.4429pt too wide) in paragraph at lines 331--332
[]$\OMS/cmsy/m/n/10 ) []$ 
 []


Overfull \hbox (14.28748pt too wide) in paragraph at lines 343--344
[]\OT1/cmr/m/n/10 For $\OMS/cmsy/m/n/10 ^^@\OML/cmm/m/it/10 v[] \OMS/cmsy/m/n/1
0 ^^@ \OML/cmm/m/it/10 v[] \OMS/cmsy/m/n/10 ^^T [] ^^T []$\OT1/cmr/m/n/10 , we 
have $\OML/cmm/m/it/10 p[]\OT1/cmr/m/n/10 (1 + \OML/cmm/m/it/10 ^^Z\OT1/cmr/m/
n/10 )\OML/cmm/m/it/10 ^^V\OT1/cmr/m/n/10 (\OML/cmm/m/it/10 a[]\OT1/cmr/m/n/10 
) = [][] \OML/cmm/m/it/10 p[]^^Z\OT1/cmr/m/n/10 (1 +
 []

[6]
Overfull \hbox (10.71114pt too wide) in paragraph at lines 374--379
[]\OT1/cmr/m/n/10 Thus, we sub-sti-tute $\OML/cmm/m/it/10 v[] \OMS/cmsy/m/n/10 
! []$\OT1/cmr/m/n/10 , $\OML/cmm/m/it/10 v[] \OMS/cmsy/m/n/10 ! []$\OT1/cmr/m/n
/10 , $\OML/cmm/m/it/10 v[] \OMS/cmsy/m/n/10 ! \OML/cmm/m/it/10 a$\OT1/cmr/m/n/
10 , $\OML/cmm/m/it/10 v[] \OMS/cmsy/m/n/10 ! []$\OT1/cmr/m/n/10 ,
 []


Overfull \hbox (15.71115pt too wide) in paragraph at lines 383--388
[]\OT1/cmr/m/n/10 Thus, we sub-sti-tute $\OML/cmm/m/it/10 v[] \OMS/cmsy/m/n/10 
! []$\OT1/cmr/m/n/10 , $\OML/cmm/m/it/10 v[] \OMS/cmsy/m/n/10 ! []$\OT1/cmr/m/n
/10 , $\OML/cmm/m/it/10 v[] \OMS/cmsy/m/n/10 ! \OML/cmm/m/it/10 a$\OT1/cmr/m/n/
10 , $\OML/cmm/m/it/10 v[] \OMS/cmsy/m/n/10 ! []$\OT1/cmr/m/n/10 ,
 []


Overfull \hbox (15.71115pt too wide) in paragraph at lines 392--397
[]\OT1/cmr/m/n/10 Thus, we sub-sti-tute $\OML/cmm/m/it/10 v[] \OMS/cmsy/m/n/10 
! []$\OT1/cmr/m/n/10 , $\OML/cmm/m/it/10 v[] \OMS/cmsy/m/n/10 ! \OML/cmm/m/it/1
0 a$\OT1/cmr/m/n/10 , $\OML/cmm/m/it/10 v[] \OMS/cmsy/m/n/10 ! []$\OT1/cmr/m/n/
10 , $\OML/cmm/m/it/10 v[] \OMS/cmsy/m/n/10 ! []$\OT1/cmr/m/n/10 ,
 []


Overfull \hbox (14.28748pt too wide) in paragraph at lines 406--407
[]\OT1/cmr/m/n/10 For $\OMS/cmsy/m/n/10 ^^@\OML/cmm/m/it/10 v[] \OMS/cmsy/m/n/1
0 ^^@ \OML/cmm/m/it/10 v[] \OMS/cmsy/m/n/10 ^^T [] ^^T []$\OT1/cmr/m/n/10 , we 
have $\OML/cmm/m/it/10 p[]\OT1/cmr/m/n/10 (1 + \OML/cmm/m/it/10 ^^Z\OT1/cmr/m/
n/10 )\OML/cmm/m/it/10 ^^V\OT1/cmr/m/n/10 (\OML/cmm/m/it/10 a[]\OT1/cmr/m/n/10 
) = [][] \OML/cmm/m/it/10 p[]^^Z\OT1/cmr/m/n/10 (1 +
 []

[7]
Overfull \hbox (9.2099pt too wide) in paragraph at lines 417--422
[]\OT1/cmr/m/n/10 Thus, we sub-sti-tute $\OML/cmm/m/it/10 v[] \OMS/cmsy/m/n/10 
! []$\OT1/cmr/m/n/10 , $\OML/cmm/m/it/10 v[] \OMS/cmsy/m/n/10 ! []$\OT1/cmr/m/n
/10 , $\OML/cmm/m/it/10 v[] \OMS/cmsy/m/n/10 ! []$\OT1/cmr/m/n/10 ,
 []


Overfull \hbox (9.2099pt too wide) in paragraph at lines 428--434
[]\OT1/cmr/m/n/10 Thus, we sub-sti-tute $\OML/cmm/m/it/10 v[] \OMS/cmsy/m/n/10 
! []$\OT1/cmr/m/n/10 , $\OML/cmm/m/it/10 v[] \OMS/cmsy/m/n/10 ! []$\OT1/cmr/m/n
/10 , $\OML/cmm/m/it/10 v[] \OMS/cmsy/m/n/10 ! []$\OT1/cmr/m/n/10 ,
 []


Overfull \hbox (49.4429pt too wide) in paragraph at lines 454--455
[]$\OMS/cmsy/m/n/10 ) []$ 
 []


Overfull \hbox (14.28748pt too wide) in paragraph at lines 459--460
[]\OT1/cmr/m/n/10 For $\OMS/cmsy/m/n/10 ^^@\OML/cmm/m/it/10 v[] \OMS/cmsy/m/n/1
0 ^^@ \OML/cmm/m/it/10 v[] \OMS/cmsy/m/n/10 ^^T [] ^^T []$\OT1/cmr/m/n/10 , we 
have $\OML/cmm/m/it/10 p[]\OT1/cmr/m/n/10 (1 + \OML/cmm/m/it/10 ^^Z\OT1/cmr/m/
n/10 )\OML/cmm/m/it/10 ^^V\OT1/cmr/m/n/10 (\OML/cmm/m/it/10 a[]\OT1/cmr/m/n/10 
) = [][] \OML/cmm/m/it/10 p[]^^Z\OT1/cmr/m/n/10 (1 +
 []

[8]
Overfull \hbox (49.4429pt too wide) in paragraph at lines 483--484
[]$\OMS/cmsy/m/n/10 ) []$ 
 []


Overfull \hbox (14.28748pt too wide) in paragraph at lines 488--489
[]\OT1/cmr/m/n/10 For $\OMS/cmsy/m/n/10 ^^@\OML/cmm/m/it/10 v[] \OMS/cmsy/m/n/1
0 ^^@ \OML/cmm/m/it/10 v[] \OMS/cmsy/m/n/10 ^^T [] ^^T []$\OT1/cmr/m/n/10 , we 
have $\OML/cmm/m/it/10 p[]\OT1/cmr/m/n/10 (1 + \OML/cmm/m/it/10 ^^Z\OT1/cmr/m/
n/10 )\OML/cmm/m/it/10 ^^V\OT1/cmr/m/n/10 (\OML/cmm/m/it/10 a[]\OT1/cmr/m/n/10 
) = [][] \OML/cmm/m/it/10 p[]^^Z\OT1/cmr/m/n/10 (1 +
 []


Overfull \hbox (49.4429pt too wide) in paragraph at lines 516--517
[]$\OMS/cmsy/m/n/10 ) []$ 
 []

[9]
Overfull \hbox (31.5237pt too wide) in paragraph at lines 532--534
[]\OT1/cmr/m/n/10 For $\OML/cmm/m/it/10 v[] \OMS/cmsy/m/n/10 ^^@ \OML/cmm/m/it/
10 v[] \OMS/cmsy/m/n/10 ^^@ \OML/cmm/m/it/10 v[] \OMS/cmsy/m/n/10 ^^T [] ^^T []
$\OT1/cmr/m/n/10 , we have $\OML/cmm/m/it/10 p[]\OT1/cmr/m/n/10 (1 + \OML/cmm/m
/it/10 ^^Z\OT1/cmr/m/n/10 )\OML/cmm/m/it/10 ^^V\OT1/cmr/m/n/10 (\OML/cmm/m/it/
10 a[]\OT1/cmr/m/n/10 ) = [][] \OML/cmm/m/it/10 p[]^^Z\OT1/cmr/m/n/10 (1 +
 []

[10]
Overfull \hbox (49.4429pt too wide) in paragraph at lines 568--569
[]$\OMS/cmsy/m/n/10 ) []$ 
 []


Overfull \hbox (4.28745pt too wide) in paragraph at lines 576--577
[]\OT1/cmr/m/n/10 For $\OMS/cmsy/m/n/10 ^^@\OML/cmm/m/it/10 v[] \OMS/cmsy/m/n/1
0 ^^@ \OML/cmm/m/it/10 v[] \OMS/cmsy/m/n/10 ^^T [] ^^T []$\OT1/cmr/m/n/10 , we 
have $\OML/cmm/m/it/10 p[]\OT1/cmr/m/n/10 (1 + \OML/cmm/m/it/10 ^^Z\OT1/cmr/m/
n/10 )\OML/cmm/m/it/10 ^^V\OT1/cmr/m/n/10 (\OML/cmm/m/it/10 a[]\OT1/cmr/m/n/10 
) = [][] \OML/cmm/m/it/10 p[]^^Z\OT1/cmr/m/n/10 (1 +
 []


Overfull \hbox (1.86395pt too wide) in paragraph at lines 597--602
[]\OT1/cmr/m/n/10 Thus, we sub-sti-tute $\OML/cmm/m/it/10 v[] \OMS/cmsy/m/n/10 
! []$\OT1/cmr/m/n/10 , $\OML/cmm/m/it/10 v[] \OMS/cmsy/m/n/10 ! []$\OT1/cmr/m/n
/10 , $\OML/cmm/m/it/10 v[] \OMS/cmsy/m/n/10 ! []$\OT1/cmr/m/n/10 ,
 []


Overfull \hbox (1.86395pt too wide) in paragraph at lines 606--612
[]\OT1/cmr/m/n/10 Thus, we sub-sti-tute $\OML/cmm/m/it/10 v[] \OMS/cmsy/m/n/10 
! []$\OT1/cmr/m/n/10 , $\OML/cmm/m/it/10 v[] \OMS/cmsy/m/n/10 ! []$\OT1/cmr/m/n
/10 , $\OML/cmm/m/it/10 v[] \OMS/cmsy/m/n/10 ! []$\OT1/cmr/m/n/10 ,
 []

[11]
Overfull \hbox (31.5237pt too wide) in paragraph at lines 652--654
[]\OT1/cmr/m/n/10 For $\OML/cmm/m/it/10 v[] \OMS/cmsy/m/n/10 ^^@ \OML/cmm/m/it/
10 v[] \OMS/cmsy/m/n/10 ^^@ \OML/cmm/m/it/10 v[] \OMS/cmsy/m/n/10 ^^T [] ^^T []
$\OT1/cmr/m/n/10 , we have $\OML/cmm/m/it/10 p[]\OT1/cmr/m/n/10 (1 + \OML/cmm/m
/it/10 ^^Z\OT1/cmr/m/n/10 )\OML/cmm/m/it/10 ^^V\OT1/cmr/m/n/10 (\OML/cmm/m/it/
10 a[]\OT1/cmr/m/n/10 ) = [][] \OML/cmm/m/it/10 p[]^^Z\OT1/cmr/m/n/10 (1 +
 []


Overfull \hbox (10.20413pt too wide) in paragraph at lines 667--669
[]\OT1/cmr/m/n/10 Thus, we sub-sti-tute $\OML/cmm/m/it/10 v[] \OMS/cmsy/m/n/10 
! []$\OT1/cmr/m/n/10 , $\OML/cmm/m/it/10 v[] \OMS/cmsy/m/n/10 ! []$\OT1/cmr/m/n
/10 , $\OML/cmm/m/it/10 v[] \OMS/cmsy/m/n/10 ! []$\OT1/cmr/m/n/10 ,
 []

[12]
Overfull \hbox (1.86395pt too wide) in paragraph at lines 703--704
[]\OT1/cmr/m/n/10 Thus, we sub-sti-tute $\OML/cmm/m/it/10 v[] \OMS/cmsy/m/n/10 
! []$\OT1/cmr/m/n/10 , $\OML/cmm/m/it/10 v[] \OMS/cmsy/m/n/10 ! []$\OT1/cmr/m/n
/10 , $\OML/cmm/m/it/10 v[] \OMS/cmsy/m/n/10 ! []$\OT1/cmr/m/n/10 ,
 []

[13] [14]
Overfull \hbox (15.71942pt too wide) detected at line 843
[][] \OT1/cmr/m/n/10 = \OML/cmm/m/it/10 x [] ax[] \OT1/cmr/m/n/10 = \OML/cmm/m/
it/10 x\OT1/cmr/m/n/10 ([] \OML/cmm/m/it/10 x[]\OT1/cmr/m/n/10 )[] = \OML/cmm/m
/it/10 x\OT1/cmr/m/n/10 ((1 \OMS/cmsy/m/n/10 ^^@ \OML/cmm/m/it/10 x\OT1/cmr/m/n
/10 )[])[] = \OMS/cmsy/m/n/10 ^^@\OT1/cmr/m/n/10 1 \OMS/cmsy/m/n/10 ^^A [] ^^A 
^^@\OT1/cmr/m/n/10 1 = [][]
 []

[15] [16] (cases.aux)
 ***********
LaTeX2e <2023-11-01>
L3 programming layer <2024-01-04>
 ***********
 ) 
Here is how much of TeX's memory you used:
 2625 strings out of 474486
 39982 string characters out of 5743755
 1948528 words of memory out of 5000000
 24906 multiletter control sequences out of 15000+600000
 565624 words of font info for 66 fonts, out of 8000000 for 9000
 1141 hyphenation exceptions out of 8191
 57i,8n,65p,636b,220s stack positions out of 10000i,1000n,20000p,200000b,200000s
<C:/Users/isila/AppData/Local/Programs/MiKTeX/fonts/type1/public/amsfonts/cm/
cmbx12.pfb><C:/Users/isila/AppData/Local/Programs/MiKTeX/fonts/type1/public/ams
fonts/cm/cmex10.pfb><C:/Users/isila/AppData/Local/Programs/MiKTeX/fonts/type1/p
ublic/amsfonts/cm/cmmi10.pfb><C:/Users/isila/AppData/Local/Programs/MiKTeX/font
s/type1/public/amsfonts/cm/cmmi7.pfb><C:/Users/isila/AppData/Local/Programs/MiK
TeX/fonts/type1/public/amsfonts/cm/cmr10.pfb><C:/Users/isila/AppData/Local/Prog
rams/MiKTeX/fonts/type1/public/amsfonts/cm/cmr12.pfb><C:/Users/isila/AppData/Lo
cal/Programs/MiKTeX/fonts/type1/public/amsfonts/cm/cmr17.pfb><C:/Users/isila/Ap
pData/Local/Programs/MiKTeX/fonts/type1/public/amsfonts/cm/cmr5.pfb><C:/Users/i
sila/AppData/Local/Programs/MiKTeX/fonts/type1/public/amsfonts/cm/cmr7.pfb><C:/
Users/isila/AppData/Local/Programs/MiKTeX/fonts/type1/public/amsfonts/cm/cmsy10
.pfb><C:/Users/isila/AppData/Local/Programs/MiKTeX/fonts/type1/public/amsfonts/
cm/cmsy7.pfb>
Output written on cases.pdf (16 pages, 172457 bytes).
PDF statistics:
 109 PDF objects out of 1000 (max. 8388607)
 0 named destinations out of 1000 (max. 500000)
 1 words of extra memory for PDF output out of 10000 (max. 10000000)

